<?xml version="1.0" encoding="UTF-8"?>
<!-- Generated by org.testng.reporters.JUnitReportReporter -->
<testsuite hostname="PAT-RICK" failures="0" tests="2" name="com.ultimateqa.courses.testsuite.LoginPageTest" time="12.376" errors="0" timestamp="2022-12-12T00:15:14 GMT" skipped="0">
  <testcase classname="com.ultimateqa.courses.testsuite.LoginPageTest" name="userShouldNavigateToLoginPageSuccessfully" time="6.167"/>
  <system-out>
    <![CDATA[Click on Login Link [[ChromeDriver: chrome on WINDOWS (335e30873ee37fe0dc3d3971fec1c649)] -> xpath: //li[@class='header__nav-item header__nav-sign-in']//a[1]]
Verify on Welcome Back Text [[ChromeDriver: chrome on WINDOWS (335e30873ee37fe0dc3d3971fec1c649)] -> xpath: //h2[contains(text(),'Welcome Back!')]]]]>
  </system-out>
  <testcase classname="com.ultimateqa.courses.testsuite.LoginPageTest" name="verifyTheErrorMessage" time="6.209"/>
  <system-out>
    <![CDATA[Click on Login Link [[ChromeDriver: chrome on WINDOWS (f93880e5ebc2f46a10c3bf3faf0b8864)] -> xpath: //li[@class='header__nav-item header__nav-sign-in']//a[1]]
Enter Email pratik123@gmail.com to emailAddress field [[ChromeDriver: chrome on WINDOWS (f93880e5ebc2f46a10c3bf3faf0b8864)] -> name: user[email]]
Enter Password FayxlKJK to password field [[ChromeDriver: chrome on WINDOWS (f93880e5ebc2f46a10c3bf3faf0b8864)] -> name: user[password]]
Click on Login Button [[ChromeDriver: chrome on WINDOWS (f93880e5ebc2f46a10c3bf3faf0b8864)] -> xpath: //button[contains(text(),'Sign in')]]
Getting Actual Error Message[[ChromeDriver: chrome on WINDOWS (f93880e5ebc2f46a10c3bf3faf0b8864)] -> xpath: //li[@class='form-error__list-item' and contains(text(),'Invalid email')]]]]>
  </system-out>
</testsuite> <!-- com.ultimateqa.courses.testsuite.LoginPageTest -->
